Log file opened on Wed Dec 16 16:00:44 2015
Host: trifid111  pid: 873  rank ID: 0  number of ranks:  1
GROMACS:    gmx mdrun, VERSION 5.0.4

GROMACS is written by:
Emile Apol         Rossen Apostolov   Herman J.C. Berendsen Par Bjelkmar       
Aldert van Buuren  Rudi van Drunen    Anton Feenstra     Sebastian Fritsch  
Gerrit Groenhof    Christoph Junghans Peter Kasson       Carsten Kutzner    
Per Larsson        Justin A. Lemkul   Magnus Lundborg    Pieter Meulenhoff  
Erik Marklund      Teemu Murtola      Szilard Pall       Sander Pronk       
Roland Schulz      Alexey Shvetsov    Michael Shirts     Alfons Sijbers     
Peter Tieleman     Christian Wennberg Maarten Wolf       
and the project leaders:
Mark Abraham, Berk Hess, Erik Lindahl, and David van der Spoel

Copyright (c) 1991-2000, University of Groningen, The Netherlands.
Copyright (c) 2001-2014, The GROMACS development team at
Uppsala University, Stockholm University and
the Royal Institute of Technology, Sweden.
check out http://www.gromacs.org for more information.

GROMACS is free software; you can redistribute it and/or modify it
under the terms of the GNU Lesser General Public License
as published by the Free Software Foundation; either version 2.1
of the License, or (at your option) any later version.

GROMACS:      gmx mdrun, VERSION 5.0.4
Executable:   /usr/local/gromacs/5.0.4-openmpi-gcc/bin/gmx
Library dir:  /usr/local/gromacs/5.0.4-openmpi-gcc/share/gromacs/top
Command line:
  mdrun -deffnm nvt -ntomp 16 -ntmpi 1

Gromacs version:    VERSION 5.0.4
Precision:          single
Memory model:       64 bit
MPI library:        thread_mpi
OpenMP support:     enabled
GPU support:        disabled
invsqrt routine:    gmx_software_invsqrt(x)
SIMD instructions:  AVX_256
FFT library:        fftw-3.3.3-sse2
RDTSCP usage:       enabled
C++11 compilation:  disabled
TNG support:        enabled
Tracing support:    disabled
Built on:           Tue Dec 16 11:28:54 EST 2014
Built by:           root@trifid-m [CMAKE]
Build OS/arch:      Linux 2.6.32-279.19.1.el6.x86_64 x86_64
Build CPU vendor:   GenuineIntel
Build CPU brand:    Intel(R) Xeon(R) CPU E5-2670 0 @ 2.60GHz
Build CPU family:   6   Model: 45   Stepping: 7
Build CPU features: aes apic avx clfsh cmov cx8 cx16 htt lahf_lm mmx msr nonstop_tsc pcid pclmuldq pdcm pdpe1gb popcnt pse rdtscp sse2 sse3 sse4.1 sse4.2 ssse3 tdt x2apic
C compiler:         /usr/bin/cc GNU 4.4.6
C compiler flags:    -mavx   -I/usr/local/gcc/4.7.2/include -I/usr/local/gmp/5.0.5/include  -Wno-maybe-uninitialized -Wextra -Wno-missing-field-initializers -Wno-sign-compare -Wpointer-arith -Wall -Wno-unused -Wunused-value -Wunused-parameter  -O3 -DNDEBUG -fomit-frame-pointer -funroll-all-loops  -Wno-array-bounds 
C++ compiler:       /usr/bin/c++ GNU 4.4.6
C++ compiler flags:  -mavx    -Wextra -Wno-missing-field-initializers -Wpointer-arith -Wall -Wno-unused-function  -O3 -DNDEBUG -fomit-frame-pointer -funroll-all-loops  -Wno-array-bounds 
Boost version:      1.55.0 (internal)



++++ PLEASE READ AND CITE THE FOLLOWING REFERENCE ++++
B. Hess and C. Kutzner and D. van der Spoel and E. Lindahl
GROMACS 4: Algorithms for highly efficient, load-balanced, and scalable
molecular simulation
J. Chem. Theory Comput. 4 (2008) pp. 435-447
-------- -------- --- Thank You --- -------- --------


++++ PLEASE READ AND CITE THE FOLLOWING REFERENCE ++++
D. van der Spoel, E. Lindahl, B. Hess, G. Groenhof, A. E. Mark and H. J. C.
Berendsen
GROMACS: Fast, Flexible and Free
J. Comp. Chem. 26 (2005) pp. 1701-1719
-------- -------- --- Thank You --- -------- --------


++++ PLEASE READ AND CITE THE FOLLOWING REFERENCE ++++
E. Lindahl and B. Hess and D. van der Spoel
GROMACS 3.0: A package for molecular simulation and trajectory analysis
J. Mol. Mod. 7 (2001) pp. 306-317
-------- -------- --- Thank You --- -------- --------


++++ PLEASE READ AND CITE THE FOLLOWING REFERENCE ++++
H. J. C. Berendsen, D. van der Spoel and R. van Drunen
GROMACS: A message-passing parallel molecular dynamics implementation
Comp. Phys. Comm. 91 (1995) pp. 43-56
-------- -------- --- Thank You --- -------- --------

Changing nstlist from 10 to 20, rlist from 1.2 to 1.224

Input Parameters:
   integrator                     = md
   tinit                          = 0
   dt                             = 0.002
   nsteps                         = 50000
   init-step                      = 0
   simulation-part                = 1
   comm-mode                      = Linear
   nstcomm                        = 100
   bd-fric                        = 0
   ld-seed                        = 2170707178
   emtol                          = 10
   emstep                         = 0.01
   niter                          = 20
   fcstep                         = 0
   nstcgsteep                     = 1000
   nbfgscorr                      = 10
   rtpi                           = 0.05
   nstxout                        = 500
   nstvout                        = 500
   nstfout                        = 0
   nstlog                         = 500
   nstcalcenergy                  = 100
   nstenergy                      = 500
   nstxout-compressed             = 0
   compressed-x-precision         = 1000
   cutoff-scheme                  = Verlet
   nstlist                        = 20
   ns-type                        = Grid
   pbc                            = xyz
   periodic-molecules             = FALSE
   verlet-buffer-tolerance        = 0.005
   rlist                          = 1.224
   rlistlong                      = 1.224
   nstcalclr                      = 10
   coulombtype                    = PME
   coulomb-modifier               = Potential-shift
   rcoulomb-switch                = 0
   rcoulomb                       = 1.2
   epsilon-r                      = 1
   epsilon-rf                     = inf
   vdw-type                       = Cut-off
   vdw-modifier                   = Force-switch
   rvdw-switch                    = 1
   rvdw                           = 1.2
   DispCorr                       = No
   table-extension                = 1
   fourierspacing                 = 0.1
   fourier-nx                     = 56
   fourier-ny                     = 56
   fourier-nz                     = 56
   pme-order                      = 6
   ewald-rtol                     = 1e-05
   ewald-rtol-lj                  = 0.001
   lj-pme-comb-rule               = Geometric
   ewald-geometry                 = 0
   epsilon-surface                = 0
   implicit-solvent               = No
   gb-algorithm                   = Still
   nstgbradii                     = 1
   rgbradii                       = 1
   gb-epsilon-solvent             = 80
   gb-saltconc                    = 0
   gb-obc-alpha                   = 1
   gb-obc-beta                    = 0.8
   gb-obc-gamma                   = 4.85
   gb-dielectric-offset           = 0.009
   sa-algorithm                   = Ace-approximation
   sa-surface-tension             = 2.05016
   tcoupl                         = V-rescale
   nsttcouple                     = 10
   nh-chain-length                = 0
   print-nose-hoover-chain-variables = FALSE
   pcoupl                         = No
   pcoupltype                     = Isotropic
   nstpcouple                     = -1
   tau-p                          = 1
   compressibility (3x3):
      compressibility[    0]={ 0.00000e+00,  0.00000e+00,  0.00000e+00}
      compressibility[    1]={ 0.00000e+00,  0.00000e+00,  0.00000e+00}
      compressibility[    2]={ 0.00000e+00,  0.00000e+00,  0.00000e+00}
   ref-p (3x3):
      ref-p[    0]={ 0.00000e+00,  0.00000e+00,  0.00000e+00}
      ref-p[    1]={ 0.00000e+00,  0.00000e+00,  0.00000e+00}
      ref-p[    2]={ 0.00000e+00,  0.00000e+00,  0.00000e+00}
   refcoord-scaling               = No
   posres-com (3):
      posres-com[0]= 0.00000e+00
      posres-com[1]= 0.00000e+00
      posres-com[2]= 0.00000e+00
   posres-comB (3):
      posres-comB[0]= 0.00000e+00
      posres-comB[1]= 0.00000e+00
      posres-comB[2]= 0.00000e+00
   QMMM                           = FALSE
   QMconstraints                  = 0
   QMMMscheme                     = 0
   MMChargeScaleFactor            = 1
qm-opts:
   ngQM                           = 0
   constraint-algorithm           = Lincs
   continuation                   = FALSE
   Shake-SOR                      = FALSE
   shake-tol                      = 0.0001
   lincs-order                    = 4
   lincs-iter                     = 1
   lincs-warnangle                = 30
   nwall                          = 0
   wall-type                      = 9-3
   wall-r-linpot                  = -1
   wall-atomtype[0]               = -1
   wall-atomtype[1]               = -1
   wall-density[0]                = 0
   wall-density[1]                = 0
   wall-ewald-zfac                = 3
   pull                           = no
   rotation                       = FALSE
   interactiveMD                  = FALSE
   disre                          = No
   disre-weighting                = Conservative
   disre-mixed                    = FALSE
   dr-fc                          = 1000
   dr-tau                         = 0
   nstdisreout                    = 100
   orire-fc                       = 0
   orire-tau                      = 0
   nstorireout                    = 100
   free-energy                    = no
   cos-acceleration               = 0
   deform (3x3):
      deform[    0]={ 0.00000e+00,  0.00000e+00,  0.00000e+00}
      deform[    1]={ 0.00000e+00,  0.00000e+00,  0.00000e+00}
      deform[    2]={ 0.00000e+00,  0.00000e+00,  0.00000e+00}
   simulated-tempering            = FALSE
   E-x:
      n = 0
   E-xt:
      n = 0
   E-y:
      n = 0
   E-yt:
      n = 0
   E-z:
      n = 0
   E-zt:
      n = 0
   swapcoords                     = no
   adress                         = FALSE
   userint1                       = 0
   userint2                       = 0
   userint3                       = 0
   userint4                       = 0
   userreal1                      = 0
   userreal2                      = 0
   userreal3                      = 0
   userreal4                      = 0
grpopts:
   nrdf:     1976.81     29859.2
   ref-t:         310         310
   tau-t:         0.1         0.1
annealing:          No          No
annealing-npoints:           0           0
   acc:	           0           0           0
   nfreeze:           N           N           N
   energygrp-flags[  0]: 0
Using 1 MPI thread
Using 16 OpenMP threads 

Detecting CPU SIMD instructions.
Present hardware specification:
Vendor: GenuineIntel
Brand:  Intel(R) Xeon(R) CPU E5-2670 0 @ 2.60GHz
Family:  6  Model: 45  Stepping:  7
Features: aes apic avx clfsh cmov cx8 cx16 htt lahf_lm mmx msr nonstop_tsc pcid pclmuldq pdcm pdpe1gb popcnt pse rdtscp sse2 sse3 sse4.1 sse4.2 ssse3 tdt x2apic
SIMD instructions most likely to fit this hardware: AVX_256
SIMD instructions selected at GROMACS compile time: AVX_256

Will do PME sum in reciprocal space for electrostatic interactions.

++++ PLEASE READ AND CITE THE FOLLOWING REFERENCE ++++
U. Essmann, L. Perera, M. L. Berkowitz, T. Darden, H. Lee and L. G. Pedersen 
A smooth particle mesh Ewald method
J. Chem. Phys. 103 (1995) pp. 8577-8592
-------- -------- --- Thank You --- -------- --------

Will do ordinary reciprocal space Ewald sum.
Using a Gaussian width (1/beta) of 0.384195 nm for Ewald
Cut-off's:   NS: 1.224   Coulomb: 1.2   LJ: 1.2
System total charge: 0.000
Generated table with 1112 data points for Ewald.
Tabscale = 500 points/nm
Generated table with 1112 data points for LJ6Shift.
Tabscale = 500 points/nm
Generated table with 1112 data points for LJ12Shift.
Tabscale = 500 points/nm
Generated table with 1112 data points for 1-4 COUL.
Tabscale = 500 points/nm
Generated table with 1112 data points for 1-4 LJ6.
Tabscale = 500 points/nm
Generated table with 1112 data points for 1-4 LJ12.
Tabscale = 500 points/nm

Using AVX_256 4x4 non-bonded kernels

Potential shift: LJ r^-12: -2.648e-01 r^-6: -5.349e-01, Ewald -1.000e-05
Initialized non-bonded Ewald correction tables, spacing: 1.02e-03 size: 2177

Removing pbc first time
Pinning threads with an auto-selected logical core stride of 1

Initializing LINear Constraint Solver

++++ PLEASE READ AND CITE THE FOLLOWING REFERENCE ++++
B. Hess and H. Bekker and H. J. C. Berendsen and J. G. E. M. Fraaije
LINCS: A Linear Constraint Solver for molecular simulations
J. Comp. Chem. 18 (1997) pp. 1463-1472
-------- -------- --- Thank You --- -------- --------

The number of constraints is 381

++++ PLEASE READ AND CITE THE FOLLOWING REFERENCE ++++
S. Miyamoto and P. A. Kollman
SETTLE: An Analytical Version of the SHAKE and RATTLE Algorithms for Rigid
Water Models
J. Comp. Chem. 13 (1992) pp. 952-962
-------- -------- --- Thank You --- -------- --------

Center of mass motion removal mode is Linear
We have the following groups for center of mass motion removal:
  0:  rest

++++ PLEASE READ AND CITE THE FOLLOWING REFERENCE ++++
G. Bussi, D. Donadio and M. Parrinello
Canonical sampling through velocity rescaling
J. Chem. Phys. 126 (2007) pp. 014101
-------- -------- --- Thank You --- -------- --------

There are: 15708 Atoms

Constraining the starting coordinates (step 0)

Constraining the coordinates at t0-dt (step 0)
RMS relative constraint deviation after constraining: 2.94e-06
Initial temperature: 309.486 K

Started mdrun on rank 0 Wed Dec 16 16:00:45 2015
           Step           Time         Lambda
              0        0.00000        0.00000

   Energies (kJ/mol)
           Bond            U-B    Proper Dih.  Improper Dih.      CMAP Dih.
    2.15412e+02    5.93505e+02    1.68774e+03    2.58692e+01   -7.50746e+01
          LJ-14     Coulomb-14        LJ (SR)   Coulomb (SR)   Coul. recip.
    6.59392e+02    1.12948e+04    2.98801e+04   -3.04166e+05    6.31105e+02
 Position Rest.      Potential    Kinetic En.   Total Energy  Conserved En.
    3.18745e-04   -2.59253e+05    4.09651e+04   -2.18288e+05   -2.18288e+05
    Temperature Pressure (bar)   Constr. rmsd
    3.09520e+02   -3.38922e+03    2.96602e-06

           Step           Time         Lambda
            500        1.00000        0.00000

   Energies (kJ/mol)
           Bond            U-B    Proper Dih.  Improper Dih.      CMAP Dih.
    6.44767e+02    1.81523e+03    1.98855e+03    1.29835e+02   -4.65247e+01
          LJ-14     Coulomb-14        LJ (SR)   Coulomb (SR)   Coul. recip.
    7.52936e+02    1.13423e+04    2.05890e+04   -2.47708e+05    7.75597e+02
 Position Rest.      Potential    Kinetic En.   Total Energy  Conserved En.
    2.29596e+02   -2.09487e+05    4.01279e+04   -1.69359e+05   -2.17953e+05
    Temperature Pressure (bar)   Constr. rmsd
    3.03194e+02   -7.31685e+02    3.02447e-06

           Step           Time         Lambda
           1000        2.00000        0.00000

   Energies (kJ/mol)
           Bond            U-B    Proper Dih.  Improper Dih.      CMAP Dih.
    7.05660e+02    1.73668e+03    1.88916e+03    8.50554e+01   -3.69001e+01
          LJ-14     Coulomb-14        LJ (SR)   Coulomb (SR)   Coul. recip.
    6.97575e+02    1.12666e+04    2.01186e+04   -2.46473e+05    8.08511e+02
 Position Rest.      Potential    Kinetic En.   Total Energy  Conserved En.
    2.51931e+02   -2.08950e+05    4.07639e+04   -1.68186e+05   -2.17964e+05
    Temperature Pressure (bar)   Constr. rmsd
    3.08000e+02   -6.44187e+02    2.33275e-06

           Step           Time         Lambda
           1500        3.00000        0.00000

   Energies (kJ/mol)
           Bond            U-B    Proper Dih.  Improper Dih.      CMAP Dih.
    7.37973e+02    1.87560e+03    1.86820e+03    9.30061e+01   -3.65538e+01
          LJ-14     Coulomb-14        LJ (SR)   Coulomb (SR)   Coul. recip.
    7.12948e+02    1.13788e+04    1.89049e+04   -2.44954e+05    8.12736e+02
 Position Rest.      Potential    Kinetic En.   Total Energy  Conserved En.
    2.71974e+02   -2.08334e+05    4.10431e+04   -1.67291e+05   -2.17952e+05
    Temperature Pressure (bar)   Constr. rmsd
    3.10109e+02   -1.11073e+03    2.31037e-06

           Step           Time         Lambda
           2000        4.00000        0.00000

   Energies (kJ/mol)
           Bond            U-B    Proper Dih.  Improper Dih.      CMAP Dih.
    6.59081e+02    1.88942e+03    1.93941e+03    1.11025e+02   -6.58056e+01
          LJ-14     Coulomb-14        LJ (SR)   Coulomb (SR)   Coul. recip.
    7.53047e+02    1.12328e+04    2.00704e+04   -2.45996e+05    7.81657e+02
 Position Rest.      Potential    Kinetic En.   Total Energy  Conserved En.
    2.19774e+02   -2.08405e+05    4.07078e+04   -1.67697e+05   -2.17946e+05
    Temperature Pressure (bar)   Constr. rmsd
    3.07576e+02   -4.65853e+02    2.29190e-06

           Step           Time         Lambda
           2500        5.00000        0.00000

   Energies (kJ/mol)
           Bond            U-B    Proper Dih.  Improper Dih.      CMAP Dih.
    6.35126e+02    1.78175e+03    1.90635e+03    1.00307e+02   -5.15200e+01
          LJ-14     Coulomb-14        LJ (SR)   Coulomb (SR)   Coul. recip.
    7.62194e+02    1.13110e+04    2.02549e+04   -2.46406e+05    8.06536e+02
 Position Rest.      Potential    Kinetic En.   Total Energy  Conserved En.
    2.11215e+02   -2.08688e+05    4.02300e+04   -1.68458e+05   -2.17945e+05
    Temperature Pressure (bar)   Constr. rmsd
    3.03966e+02   -4.67129e+02    2.76874e-06

           Step           Time         Lambda
           3000        6.00000        0.00000

   Energies (kJ/mol)
           Bond            U-B    Proper Dih.  Improper Dih.      CMAP Dih.
    7.48394e+02    1.76138e+03    1.93583e+03    1.03077e+02   -4.55418e+01
          LJ-14     Coulomb-14        LJ (SR)   Coulomb (SR)   Coul. recip.
    7.39325e+02    1.12488e+04    2.08010e+04   -2.46393e+05    8.80846e+02
 Position Rest.      Potential    Kinetic En.   Total Energy  Conserved En.
    1.76625e+02   -2.08043e+05    4.09476e+04   -1.67095e+05   -2.17942e+05
    Temperature Pressure (bar)   Constr. rmsd
    3.09388e+02   -5.37513e+02    2.70675e-06

           Step           Time         Lambda
           3500        7.00000        0.00000

   Energies (kJ/mol)
           Bond            U-B    Proper Dih.  Improper Dih.      CMAP Dih.
    7.10740e+02    1.73983e+03    1.93861e+03    1.08476e+02   -4.54660e+01
          LJ-14     Coulomb-14        LJ (SR)   Coulomb (SR)   Coul. recip.
    7.39113e+02    1.12910e+04    1.97043e+04   -2.45272e+05    8.27799e+02
 Position Rest.      Potential    Kinetic En.   Total Energy  Conserved En.
    2.02954e+02   -2.08055e+05    4.12686e+04   -1.66786e+05   -2.17944e+05
    Temperature Pressure (bar)   Constr. rmsd
    3.11813e+02   -7.09559e+02    3.49817e-06

           Step           Time         Lambda
           4000        8.00000        0.00000

   Energies (kJ/mol)
           Bond            U-B    Proper Dih.  Improper Dih.      CMAP Dih.
    7.08701e+02    1.76269e+03    1.95543e+03    1.48841e+02   -4.16448e+01
          LJ-14     Coulomb-14        LJ (SR)   Coulomb (SR)   Coul. recip.
    6.81160e+02    1.11889e+04    1.97487e+04   -2.45889e+05    8.06929e+02
 Position Rest.      Potential    Kinetic En.   Total Energy  Conserved En.
    2.02577e+02   -2.08727e+05    4.04562e+04   -1.68271e+05   -2.17945e+05
    Temperature Pressure (bar)   Constr. rmsd
    3.05675e+02   -1.07370e+03    2.47971e-06

           Step           Time         Lambda
           4500        9.00000        0.00000

   Energies (kJ/mol)
           Bond            U-B    Proper Dih.  Improper Dih.      CMAP Dih.
    7.14407e+02    1.75862e+03    1.92637e+03    1.07949e+02   -5.66638e+01
          LJ-14     Coulomb-14        LJ (SR)   Coulomb (SR)   Coul. recip.
    7.28370e+02    1.13091e+04    2.01561e+04   -2.46703e+05    8.02455e+02
 Position Rest.      Potential    Kinetic En.   Total Energy  Conserved En.
    2.15802e+02   -2.09041e+05    4.09873e+04   -1.68053e+05   -2.17938e+05
    Temperature Pressure (bar)   Constr. rmsd
    3.09688e+02   -2.57206e+02    2.48358e-06

           Step           Time         Lambda
           5000       10.00000        0.00000

   Energies (kJ/mol)
           Bond            U-B    Proper Dih.  Improper Dih.      CMAP Dih.
    6.52800e+02    1.66174e+03    1.92504e+03    8.98871e+01   -3.53623e+01
          LJ-14     Coulomb-14        LJ (SR)   Coulomb (SR)   Coul. recip.
    7.24223e+02    1.12844e+04    2.02962e+04   -2.47124e+05    8.28504e+02
 Position Rest.      Potential    Kinetic En.   Total Energy  Conserved En.
    2.00611e+02   -2.09496e+05    4.07594e+04   -1.68737e+05   -2.17938e+05
    Temperature Pressure (bar)   Constr. rmsd
    3.07966e+02   -1.08349e+03    2.28016e-06

           Step           Time         Lambda
           5500       11.00000        0.00000

   Energies (kJ/mol)
           Bond            U-B    Proper Dih.  Improper Dih.      CMAP Dih.
    6.79732e+02    1.79036e+03    1.93094e+03    8.15208e+01   -3.38674e+01
          LJ-14     Coulomb-14        LJ (SR)   Coulomb (SR)   Coul. recip.
    7.55535e+02    1.13344e+04    1.99524e+04   -2.46655e+05    8.22930e+02
 Position Rest.      Potential    Kinetic En.   Total Energy  Conserved En.
    2.14402e+02   -2.09127e+05    4.08023e+04   -1.68324e+05   -2.17937e+05
    Temperature Pressure (bar)   Constr. rmsd
    3.08290e+02   -5.64390e+02    2.03364e-06

           Step           Time         Lambda
           6000       12.00000        0.00000

   Energies (kJ/mol)
           Bond            U-B    Proper Dih.  Improper Dih.      CMAP Dih.
    6.94351e+02    1.71561e+03    1.96028e+03    9.36202e+01   -2.44400e+01
          LJ-14     Coulomb-14        LJ (SR)   Coulomb (SR)   Coul. recip.
    7.45080e+02    1.13815e+04    2.07045e+04   -2.47131e+05    7.91499e+02
 Position Rest.      Potential    Kinetic En.   Total Energy  Conserved En.
    2.56552e+02   -2.08813e+05    4.11994e+04   -1.67613e+05   -2.17942e+05
    Temperature Pressure (bar)   Constr. rmsd
    3.11290e+02   -9.04953e+01    2.56282e-06

           Step           Time         Lambda
           6500       13.00000        0.00000

   Energies (kJ/mol)
           Bond            U-B    Proper Dih.  Improper Dih.      CMAP Dih.
    6.50999e+02    1.67358e+03    1.91670e+03    1.18128e+02   -2.69001e+01
          LJ-14     Coulomb-14        LJ (SR)   Coulomb (SR)   Coul. recip.
    7.33134e+02    1.12364e+04    1.98930e+04   -2.46565e+05    7.77226e+02
 Position Rest.      Potential    Kinetic En.   Total Energy  Conserved En.
    2.11010e+02   -2.09382e+05    4.08557e+04   -1.68526e+05   -2.17929e+05
    Temperature Pressure (bar)   Constr. rmsd
    3.08694e+02   -7.25534e+02    2.16440e-06

           Step           Time         Lambda
           7000       14.00000        0.00000

   Energies (kJ/mol)
           Bond            U-B    Proper Dih.  Improper Dih.      CMAP Dih.
    6.46425e+02    1.77759e+03    1.91988e+03    1.04513e+02   -3.07305e+00
          LJ-14     Coulomb-14        LJ (SR)   Coulomb (SR)   Coul. recip.
    7.52284e+02    1.14387e+04    2.04739e+04   -2.46811e+05    8.07281e+02
 Position Rest.      Potential    Kinetic En.   Total Energy  Conserved En.
    2.11641e+02   -2.08682e+05    4.11429e+04   -1.67539e+05   -2.17937e+05
    Temperature Pressure (bar)   Constr. rmsd
    3.10863e+02   -3.20050e+02    3.05100e-06

           Step           Time         Lambda
           7500       15.00000        0.00000

   Energies (kJ/mol)
           Bond            U-B    Proper Dih.  Improper Dih.      CMAP Dih.
    7.14439e+02    1.88647e+03    1.92557e+03    9.10390e+01   -6.69862e+00
          LJ-14     Coulomb-14        LJ (SR)   Coulomb (SR)   Coul. recip.
    7.26572e+02    1.12112e+04    1.95443e+04   -2.45639e+05    7.88571e+02
 Position Rest.      Potential    Kinetic En.   Total Energy  Conserved En.
    1.90165e+02   -2.08567e+05    4.11413e+04   -1.67426e+05   -2.17922e+05
    Temperature Pressure (bar)   Constr. rmsd
    3.10852e+02   -7.25945e+02    2.85579e-06

           Step           Time         Lambda
           8000       16.00000        0.00000

   Energies (kJ/mol)
           Bond            U-B    Proper Dih.  Improper Dih.      CMAP Dih.
    7.21748e+02    1.79776e+03    1.96848e+03    1.30990e+02   -5.43301e+01
          LJ-14     Coulomb-14        LJ (SR)   Coulomb (SR)   Coul. recip.
    6.94701e+02    1.12975e+04    1.95077e+04   -2.45110e+05    8.07966e+02
 Position Rest.      Potential    Kinetic En.   Total Energy  Conserved En.
    2.08375e+02   -2.08029e+05    4.06823e+04   -1.67347e+05   -2.17930e+05
    Temperature Pressure (bar)   Constr. rmsd
    3.07384e+02   -6.52266e+02    2.44708e-06

           Step           Time         Lambda
           8500       17.00000        0.00000

   Energies (kJ/mol)
           Bond            U-B    Proper Dih.  Improper Dih.      CMAP Dih.
    7.39326e+02    1.75552e+03    1.93224e+03    1.33935e+02   -2.03445e+01
          LJ-14     Coulomb-14        LJ (SR)   Coulomb (SR)   Coul. recip.
    7.31306e+02    1.13040e+04    2.04921e+04   -2.47105e+05    7.99921e+02
 Position Rest.      Potential    Kinetic En.   Total Energy  Conserved En.
    1.93288e+02   -2.09044e+05    4.11180e+04   -1.67926e+05   -2.17929e+05
    Temperature Pressure (bar)   Constr. rmsd
    3.10675e+02   -4.63649e+02    2.73890e-06

           Step           Time         Lambda
           9000       18.00000        0.00000

   Energies (kJ/mol)
           Bond            U-B    Proper Dih.  Improper Dih.      CMAP Dih.
    7.67951e+02    1.78506e+03    1.92818e+03    1.35982e+02   -3.50014e+01
          LJ-14     Coulomb-14        LJ (SR)   Coulomb (SR)   Coul. recip.
    7.34055e+02    1.14061e+04    2.06530e+04   -2.47093e+05    8.35401e+02
 Position Rest.      Potential    Kinetic En.   Total Energy  Conserved En.
    2.19185e+02   -2.08663e+05    4.09394e+04   -1.67723e+05   -2.17925e+05
    Temperature Pressure (bar)   Constr. rmsd
    3.09326e+02   -6.83235e+02    2.51096e-06

           Step           Time         Lambda
           9500       19.00000        0.00000

   Energies (kJ/mol)
           Bond            U-B    Proper Dih.  Improper Dih.      CMAP Dih.
    6.32900e+02    1.67292e+03    1.94027e+03    1.04675e+02   -2.34661e+01
          LJ-14     Coulomb-14        LJ (SR)   Coulomb (SR)   Coul. recip.
    7.69057e+02    1.14796e+04    2.07044e+04   -2.46975e+05    7.81331e+02
 Position Rest.      Potential    Kinetic En.   Total Energy  Conserved En.
    2.34805e+02   -2.08679e+05    4.11615e+04   -1.67517e+05   -2.17940e+05
    Temperature Pressure (bar)   Constr. rmsd
    3.11004e+02   -3.10618e+02    2.53584e-06

           Step           Time         Lambda
          10000       20.00000        0.00000

   Energies (kJ/mol)
           Bond            U-B    Proper Dih.  Improper Dih.      CMAP Dih.
    6.50162e+02    1.81336e+03    1.93648e+03    8.29193e+01   -4.52367e+01
          LJ-14     Coulomb-14        LJ (SR)   Coulomb (SR)   Coul. recip.
    7.31867e+02    1.11897e+04    2.01884e+04   -2.46488e+05    7.95884e+02
 Position Rest.      Potential    Kinetic En.   Total Energy  Conserved En.
    1.83808e+02   -2.08960e+05    4.04900e+04   -1.68470e+05   -2.17927e+05
    Temperature Pressure (bar)   Constr. rmsd
    3.05930e+02   -6.57212e+02    2.40234e-06

           Step           Time         Lambda
          10500       21.00000        0.00000

   Energies (kJ/mol)
           Bond            U-B    Proper Dih.  Improper Dih.      CMAP Dih.
    7.20366e+02    1.82800e+03    1.93030e+03    1.28691e+02   -4.98247e+01
          LJ-14     Coulomb-14        LJ (SR)   Coulomb (SR)   Coul. recip.
    7.48523e+02    1.11689e+04    2.04065e+04   -2.47095e+05    7.96152e+02
 Position Rest.      Potential    Kinetic En.   Total Energy  Conserved En.
    1.81871e+02   -2.09235e+05    4.12401e+04   -1.67995e+05   -2.17933e+05
    Temperature Pressure (bar)   Constr. rmsd
    3.11598e+02   -3.58056e+02    2.83922e-06

           Step           Time         Lambda
          11000       22.00000        0.00000

   Energies (kJ/mol)
           Bond            U-B    Proper Dih.  Improper Dih.      CMAP Dih.
    7.41605e+02    1.86295e+03    1.97034e+03    1.33427e+02   -6.95416e+01
          LJ-14     Coulomb-14        LJ (SR)   Coulomb (SR)   Coul. recip.
    7.08875e+02    1.11790e+04    1.97659e+04   -2.45710e+05    8.77908e+02
 Position Rest.      Potential    Kinetic En.   Total Energy  Conserved En.
    2.09639e+02   -2.08330e+05    4.12252e+04   -1.67104e+05   -2.17929e+05
    Temperature Pressure (bar)   Constr. rmsd
    3.11485e+02   -1.01748e+03    2.15745e-06

           Step           Time         Lambda
          11500       23.00000        0.00000

   Energies (kJ/mol)
           Bond            U-B    Proper Dih.  Improper Dih.      CMAP Dih.
    7.06538e+02    1.74740e+03    1.88270e+03    1.35965e+02   -3.02463e+01
          LJ-14     Coulomb-14        LJ (SR)   Coulomb (SR)   Coul. recip.
    7.08174e+02    1.13178e+04    2.02780e+04   -2.46722e+05    7.55639e+02
 Position Rest.      Potential    Kinetic En.   Total Energy  Conserved En.
    2.11934e+02   -2.09008e+05    4.07655e+04   -1.68243e+05   -2.17927e+05
    Temperature Pressure (bar)   Constr. rmsd
    3.08012e+02   -6.18214e+02    2.91348e-06

           Step           Time         Lambda
          12000       24.00000        0.00000

   Energies (kJ/mol)
           Bond            U-B    Proper Dih.  Improper Dih.      CMAP Dih.
    7.19560e+02    1.66615e+03    1.90605e+03    8.97085e+01   -5.00519e+01
          LJ-14     Coulomb-14        LJ (SR)   Coulomb (SR)   Coul. recip.
    7.27858e+02    1.12476e+04    1.95264e+04   -2.45079e+05    7.95375e+02
 Position Rest.      Potential    Kinetic En.   Total Energy  Conserved En.
    1.72260e+02   -2.08278e+05    4.01957e+04   -1.68082e+05   -2.17922e+05
    Temperature Pressure (bar)   Constr. rmsd
    3.03707e+02   -7.30310e+02    2.82330e-06

           Step           Time         Lambda
          12500       25.00000        0.00000

   Energies (kJ/mol)
           Bond            U-B    Proper Dih.  Improper Dih.      CMAP Dih.
    7.00400e+02    1.74407e+03    1.93572e+03    6.88398e+01   -5.41521e+01
          LJ-14     Coulomb-14        LJ (SR)   Coulomb (SR)   Coul. recip.
    7.47980e+02    1.13442e+04    1.99718e+04   -2.45425e+05    8.33098e+02
 Position Rest.      Potential    Kinetic En.   Total Energy  Conserved En.
    2.22826e+02   -2.07910e+05    4.07425e+04   -1.67168e+05   -2.17916e+05
    Temperature Pressure (bar)   Constr. rmsd
    3.07838e+02   -8.43291e+02    2.26877e-06

           Step           Time         Lambda
          13000       26.00000        0.00000

   Energies (kJ/mol)
           Bond            U-B    Proper Dih.  Improper Dih.      CMAP Dih.
    6.37111e+02    1.74437e+03    1.89481e+03    1.19242e+02   -5.39358e+01
          LJ-14     Coulomb-14        LJ (SR)   Coulomb (SR)   Coul. recip.
    6.89141e+02    1.14008e+04    1.95997e+04   -2.46505e+05    8.28117e+02
 Position Rest.      Potential    Kinetic En.   Total Energy  Conserved En.
    2.08786e+02   -2.09437e+05    4.07018e+04   -1.68735e+05   -2.17928e+05
    Temperature Pressure (bar)   Constr. rmsd
    3.07531e+02   -8.35013e+02    2.22677e-06

           Step           Time         Lambda
          13500       27.00000        0.00000

   Energies (kJ/mol)
           Bond            U-B    Proper Dih.  Improper Dih.      CMAP Dih.
    6.89551e+02    1.73886e+03    1.91277e+03    1.29599e+02   -4.94772e+01
          LJ-14     Coulomb-14        LJ (SR)   Coulomb (SR)   Coul. recip.
    7.87372e+02    1.13187e+04    2.03130e+04   -2.47121e+05    8.04520e+02
 Position Rest.      Potential    Kinetic En.   Total Energy  Conserved En.
    2.41509e+02   -2.09235e+05    4.12145e+04   -1.68020e+05   -2.17921e+05
    Temperature Pressure (bar)   Constr. rmsd
    3.11405e+02   -4.49616e+02    2.27674e-06

           Step           Time         Lambda
          14000       28.00000        0.00000

   Energies (kJ/mol)
           Bond            U-B    Proper Dih.  Improper Dih.      CMAP Dih.
    6.95905e+02    1.71015e+03    1.96429e+03    1.19048e+02   -2.75090e+01
          LJ-14     Coulomb-14        LJ (SR)   Coulomb (SR)   Coul. recip.
    7.58966e+02    1.13303e+04    1.94092e+04   -2.44329e+05    8.22827e+02
 Position Rest.      Potential    Kinetic En.   Total Energy  Conserved En.
    2.33220e+02   -2.07312e+05    4.14197e+04   -1.65893e+05   -2.17919e+05
    Temperature Pressure (bar)   Constr. rmsd
    3.12955e+02   -4.97751e+02    3.00697e-06

           Step           Time         Lambda
          14500       29.00000        0.00000

   Energies (kJ/mol)
           Bond            U-B    Proper Dih.  Improper Dih.      CMAP Dih.
    6.73225e+02    1.81881e+03    1.96601e+03    1.40384e+02   -2.56247e+01
          LJ-14     Coulomb-14        LJ (SR)   Coulomb (SR)   Coul. recip.
    7.37437e+02    1.12503e+04    1.99190e+04   -2.45402e+05    8.14126e+02
 Position Rest.      Potential    Kinetic En.   Total Energy  Conserved En.
    2.16653e+02   -2.07892e+05    4.15953e+04   -1.66297e+05   -2.17921e+05
    Temperature Pressure (bar)   Constr. rmsd
    3.14282e+02   -7.77996e+02    2.72723e-06

           Step           Time         Lambda
          15000       30.00000        0.00000

   Energies (kJ/mol)
           Bond            U-B    Proper Dih.  Improper Dih.      CMAP Dih.
    7.19509e+02    1.97982e+03    1.93240e+03    1.19054e+02   -1.86767e+01
          LJ-14     Coulomb-14        LJ (SR)   Coulomb (SR)   Coul. recip.
    7.27100e+02    1.11420e+04    1.99827e+04   -2.45130e+05    7.83523e+02
 Position Rest.      Potential    Kinetic En.   Total Energy  Conserved En.
    2.66844e+02   -2.07496e+05    4.16353e+04   -1.65861e+05   -2.17917e+05
    Temperature Pressure (bar)   Constr. rmsd
    3.14584e+02   -7.46867e+02    2.63643e-06

           Step           Time         Lambda
          15500       31.00000        0.00000

   Energies (kJ/mol)
           Bond            U-B    Proper Dih.  Improper Dih.      CMAP Dih.
    6.87838e+02    1.88056e+03    1.93151e+03    1.22398e+02   -2.50936e+01
          LJ-14     Coulomb-14        LJ (SR)   Coulomb (SR)   Coul. recip.
    6.92046e+02    1.11587e+04    2.09952e+04   -2.46620e+05    8.20083e+02
 Position Rest.      Potential    Kinetic En.   Total Energy  Conserved En.
    1.47935e+02   -2.08209e+05    4.06423e+04   -1.67567e+05   -2.17918e+05
    Temperature Pressure (bar)   Constr. rmsd
    3.07081e+02   -1.59991e+02    3.03506e-06

           Step           Time         Lambda
          16000       32.00000        0.00000

   Energies (kJ/mol)
           Bond            U-B    Proper Dih.  Improper Dih.      CMAP Dih.
    7.75127e+02    1.73763e+03    1.95484e+03    1.09140e+02   -4.78698e+01
          LJ-14     Coulomb-14        LJ (SR)   Coulomb (SR)   Coul. recip.
    7.22604e+02    1.12369e+04    2.04884e+04   -2.47093e+05    7.86542e+02
 Position Rest.      Potential    Kinetic En.   Total Energy  Conserved En.
    2.36132e+02   -2.09094e+05    4.12212e+04   -1.67872e+05   -2.17910e+05
    Temperature Pressure (bar)   Constr. rmsd
    3.11455e+02   -4.69611e+02    2.33069e-06

           Step           Time         Lambda
          16500       33.00000        0.00000

   Energies (kJ/mol)
           Bond            U-B    Proper Dih.  Improper Dih.      CMAP Dih.
    6.69962e+02    1.94375e+03    1.92244e+03    9.01780e+01   -5.70046e+01
          LJ-14     Coulomb-14        LJ (SR)   Coulomb (SR)   Coul. recip.
    7.22665e+02    1.12354e+04    1.96326e+04   -2.45492e+05    7.86281e+02
 Position Rest.      Potential    Kinetic En.   Total Energy  Conserved En.
    2.32051e+02   -2.08314e+05    4.03583e+04   -1.67956e+05   -2.17901e+05
    Temperature Pressure (bar)   Constr. rmsd
    3.04935e+02   -6.46894e+02    2.63353e-06

           Step           Time         Lambda
          17000       34.00000        0.00000

   Energies (kJ/mol)
           Bond            U-B    Proper Dih.  Improper Dih.      CMAP Dih.
    8.21689e+02    1.69235e+03    1.93489e+03    1.17263e+02   -3.64111e+01
          LJ-14     Coulomb-14        LJ (SR)   Coulomb (SR)   Coul. recip.
    6.91316e+02    1.12296e+04    1.98703e+04   -2.46285e+05    7.56007e+02
 Position Rest.      Potential    Kinetic En.   Total Energy  Conserved En.
    2.44067e+02   -2.08964e+05    4.09263e+04   -1.68038e+05   -2.17908e+05
    Temperature Pressure (bar)   Constr. rmsd
    3.09227e+02   -7.71520e+02    2.47503e-06

           Step           Time         Lambda
          17500       35.00000        0.00000

   Energies (kJ/mol)
           Bond            U-B    Proper Dih.  Improper Dih.      CMAP Dih.
    7.29022e+02    1.71460e+03    1.94325e+03    1.13636e+02   -1.68487e+01
          LJ-14     Coulomb-14        LJ (SR)   Coulomb (SR)   Coul. recip.
    7.32042e+02    1.12847e+04    2.03075e+04   -2.46701e+05    8.07604e+02
 Position Rest.      Potential    Kinetic En.   Total Energy  Conserved En.
    2.18333e+02   -2.08867e+05    4.06641e+04   -1.68203e+05   -2.17902e+05
    Temperature Pressure (bar)   Constr. rmsd
    3.07245e+02   -4.02215e+02    2.38570e-06

           Step           Time         Lambda
          18000       36.00000        0.00000

   Energies (kJ/mol)
           Bond            U-B    Proper Dih.  Improper Dih.      CMAP Dih.
    6.93280e+02    1.70135e+03    1.90841e+03    9.48575e+01   -4.01742e+01
          LJ-14     Coulomb-14        LJ (SR)   Coulomb (SR)   Coul. recip.
    7.30190e+02    1.12799e+04    2.05506e+04   -2.46839e+05    7.78074e+02
 Position Rest.      Potential    Kinetic En.   Total Energy  Conserved En.
    1.91630e+02   -2.08951e+05    4.05094e+04   -1.68442e+05   -2.17903e+05
    Temperature Pressure (bar)   Constr. rmsd
    3.06077e+02   -1.38677e+02    2.52532e-06

           Step           Time         Lambda
          18500       37.00000        0.00000

   Energies (kJ/mol)
           Bond            U-B    Proper Dih.  Improper Dih.      CMAP Dih.
    7.51681e+02    1.81333e+03    1.98223e+03    1.24971e+02   -4.00796e+01
          LJ-14     Coulomb-14        LJ (SR)   Coulomb (SR)   Coul. recip.
    7.35001e+02    1.12550e+04    1.98433e+04   -2.45025e+05    8.19244e+02
 Position Rest.      Potential    Kinetic En.   Total Energy  Conserved En.
    2.09587e+02   -2.07531e+05    4.14379e+04   -1.66093e+05   -2.17908e+05
    Temperature Pressure (bar)   Constr. rmsd
    3.13093e+02   -4.43877e+02    2.43861e-06

           Step           Time         Lambda
          19000       38.00000        0.00000

   Energies (kJ/mol)
           Bond            U-B    Proper Dih.  Improper Dih.      CMAP Dih.
    6.25254e+02    1.80719e+03    1.96727e+03    1.00200e+02   -2.64580e+01
          LJ-14     Coulomb-14        LJ (SR)   Coulomb (SR)   Coul. recip.
    7.43349e+02    1.13383e+04    2.01829e+04   -2.46296e+05    7.93783e+02
 Position Rest.      Potential    Kinetic En.   Total Energy  Conserved En.
    2.02597e+02   -2.08561e+05    4.10564e+04   -1.67505e+05   -2.17912e+05
    Temperature Pressure (bar)   Constr. rmsd
    3.10210e+02   -5.05001e+02    2.38725e-06

           Step           Time         Lambda
          19500       39.00000        0.00000

   Energies (kJ/mol)
           Bond            U-B    Proper Dih.  Improper Dih.      CMAP Dih.
    6.83568e+02    1.78409e+03    1.97431e+03    9.22752e+01   -7.19742e+01
          LJ-14     Coulomb-14        LJ (SR)   Coulomb (SR)   Coul. recip.
    7.42311e+02    1.13540e+04    1.98416e+04   -2.45656e+05    8.10060e+02
 Position Rest.      Potential    Kinetic En.   Total Energy  Conserved En.
    2.40953e+02   -2.08205e+05    4.09780e+04   -1.67227e+05   -2.17902e+05
    Temperature Pressure (bar)   Constr. rmsd
    3.09617e+02   -7.09658e+02    2.19416e-06

           Step           Time         Lambda
          20000       40.00000        0.00000

   Energies (kJ/mol)
           Bond            U-B    Proper Dih.  Improper Dih.      CMAP Dih.
    7.34856e+02    1.84265e+03    1.93869e+03    1.04182e+02   -4.08078e+01
          LJ-14     Coulomb-14        LJ (SR)   Coulomb (SR)   Coul. recip.
    7.70221e+02    1.12256e+04    2.04361e+04   -2.46434e+05    7.95349e+02
 Position Rest.      Potential    Kinetic En.   Total Energy  Conserved En.
    2.29243e+02   -2.08398e+05    4.04621e+04   -1.67936e+05   -2.17884e+05
    Temperature Pressure (bar)   Constr. rmsd
    3.05720e+02   -5.46182e+02    2.34861e-06

           Step           Time         Lambda
          20500       41.00000        0.00000

   Energies (kJ/mol)
           Bond            U-B    Proper Dih.  Improper Dih.      CMAP Dih.
    6.51461e+02    1.89199e+03    1.89768e+03    1.08599e+02   -4.86633e+01
          LJ-14     Coulomb-14        LJ (SR)   Coulomb (SR)   Coul. recip.
    7.47812e+02    1.12587e+04    2.04408e+04   -2.46282e+05    8.09166e+02
 Position Rest.      Potential    Kinetic En.   Total Energy  Conserved En.
    2.16185e+02   -2.08309e+05    4.07290e+04   -1.67580e+05   -2.17890e+05
    Temperature Pressure (bar)   Constr. rmsd
    3.07736e+02   -4.45891e+02    2.55735e-06

           Step           Time         Lambda
          21000       42.00000        0.00000

   Energies (kJ/mol)
           Bond            U-B    Proper Dih.  Improper Dih.      CMAP Dih.
    6.97516e+02    1.71029e+03    1.99972e+03    1.09684e+02   -5.39913e+01
          LJ-14     Coulomb-14        LJ (SR)   Coulomb (SR)   Coul. recip.
    7.44513e+02    1.13779e+04    1.99704e+04   -2.46257e+05    8.04753e+02
 Position Rest.      Potential    Kinetic En.   Total Energy  Conserved En.
    2.29126e+02   -2.08667e+05    4.13426e+04   -1.67324e+05   -2.17895e+05
    Temperature Pressure (bar)   Constr. rmsd
    3.12372e+02   -7.06013e+02    2.75083e-06

           Step           Time         Lambda
          21500       43.00000        0.00000

   Energies (kJ/mol)
           Bond            U-B    Proper Dih.  Improper Dih.      CMAP Dih.
    7.71256e+02    1.92785e+03    1.93487e+03    1.11921e+02   -5.81707e+01
          LJ-14     Coulomb-14        LJ (SR)   Coulomb (SR)   Coul. recip.
    6.70883e+02    1.12738e+04    1.97510e+04   -2.45515e+05    7.93849e+02
 Position Rest.      Potential    Kinetic En.   Total Energy  Conserved En.
    1.94205e+02   -2.08143e+05    4.12695e+04   -1.66874e+05   -2.17877e+05
    Temperature Pressure (bar)   Constr. rmsd
    3.11820e+02   -7.43547e+02    2.50445e-06

           Step           Time         Lambda
          22000       44.00000        0.00000

   Energies (kJ/mol)
           Bond            U-B    Proper Dih.  Improper Dih.      CMAP Dih.
    7.61041e+02    1.86900e+03    1.91620e+03    1.17297e+02   -7.04352e+01
          LJ-14     Coulomb-14        LJ (SR)   Coulomb (SR)   Coul. recip.
    7.24990e+02    1.11760e+04    1.94291e+04   -2.45408e+05    8.53536e+02
 Position Rest.      Potential    Kinetic En.   Total Energy  Conserved En.
    2.17761e+02   -2.08414e+05    4.15190e+04   -1.66895e+05   -2.17885e+05
    Temperature Pressure (bar)   Constr. rmsd
    3.13705e+02   -8.10491e+02    2.35150e-06

           Step           Time         Lambda
          22500       45.00000        0.00000

   Energies (kJ/mol)
           Bond            U-B    Proper Dih.  Improper Dih.      CMAP Dih.
    6.87538e+02    1.63392e+03    1.92506e+03    9.13227e+01   -6.06478e+01
          LJ-14     Coulomb-14        LJ (SR)   Coulomb (SR)   Coul. recip.
    7.39816e+02    1.13205e+04    2.06929e+04   -2.47442e+05    7.29792e+02
 Position Rest.      Potential    Kinetic En.   Total Energy  Conserved En.
    2.10762e+02   -2.09471e+05    4.12371e+04   -1.68234e+05   -2.17896e+05
    Temperature Pressure (bar)   Constr. rmsd
    3.11575e+02   -7.35704e+02    3.35920e-06

           Step           Time         Lambda
          23000       46.00000        0.00000

   Energies (kJ/mol)
           Bond            U-B    Proper Dih.  Improper Dih.      CMAP Dih.
    7.31151e+02    1.71663e+03    1.91666e+03    7.58510e+01   -5.40603e+01
          LJ-14     Coulomb-14        LJ (SR)   Coulomb (SR)   Coul. recip.
    7.75351e+02    1.12267e+04    1.96589e+04   -2.46129e+05    7.47382e+02
 Position Rest.      Potential    Kinetic En.   Total Energy  Conserved En.
    2.40232e+02   -2.09094e+05    4.06968e+04   -1.68397e+05   -2.17888e+05
    Temperature Pressure (bar)   Constr. rmsd
    3.07493e+02   -5.71351e+02    2.45082e-06

           Step           Time         Lambda
          23500       47.00000        0.00000

   Energies (kJ/mol)
           Bond            U-B    Proper Dih.  Improper Dih.      CMAP Dih.
    6.94005e+02    1.76745e+03    1.92471e+03    1.01390e+02   -2.95048e+01
          LJ-14     Coulomb-14        LJ (SR)   Coulomb (SR)   Coul. recip.
    7.36995e+02    1.12949e+04    2.06491e+04   -2.46756e+05    7.97116e+02
 Position Rest.      Potential    Kinetic En.   Total Energy  Conserved En.
    2.01386e+02   -2.08618e+05    4.06647e+04   -1.67953e+05   -2.17882e+05
    Temperature Pressure (bar)   Constr. rmsd
    3.07250e+02   -3.59631e+02    2.88727e-06

           Step           Time         Lambda
          24000       48.00000        0.00000

   Energies (kJ/mol)
           Bond            U-B    Proper Dih.  Improper Dih.      CMAP Dih.
    8.32304e+02    1.85919e+03    1.89804e+03    9.91876e+01   -2.28636e+01
          LJ-14     Coulomb-14        LJ (SR)   Coulomb (SR)   Coul. recip.
    6.89120e+02    1.11745e+04    1.97247e+04   -2.44826e+05    7.89724e+02
 Position Rest.      Potential    Kinetic En.   Total Energy  Conserved En.
    2.15387e+02   -2.07567e+05    4.16606e+04   -1.65906e+05   -2.17878e+05
    Temperature Pressure (bar)   Constr. rmsd
    3.14775e+02   -7.34009e+02    2.84827e-06

           Step           Time         Lambda
          24500       49.00000        0.00000

   Energies (kJ/mol)
           Bond            U-B    Proper Dih.  Improper Dih.      CMAP Dih.
    6.25169e+02    1.68374e+03    1.89243e+03    1.12968e+02   -5.20428e+01
          LJ-14     Coulomb-14        LJ (SR)   Coulomb (SR)   Coul. recip.
    7.65595e+02    1.13387e+04    2.02423e+04   -2.46234e+05    8.15777e+02
 Position Rest.      Potential    Kinetic En.   Total Energy  Conserved En.
    2.40300e+02   -2.08569e+05    4.05035e+04   -1.68066e+05   -2.17895e+05
    Temperature Pressure (bar)   Constr. rmsd
    3.06033e+02   -3.96996e+02    2.55096e-06

           Step           Time         Lambda
          25000       50.00000        0.00000

   Energies (kJ/mol)
           Bond            U-B    Proper Dih.  Improper Dih.      CMAP Dih.
    7.08636e+02    1.78282e+03    1.93099e+03    1.26304e+02   -3.57029e+01
          LJ-14     Coulomb-14        LJ (SR)   Coulomb (SR)   Coul. recip.
    7.29655e+02    1.12631e+04    2.04557e+04   -2.46542e+05    8.39509e+02
 Position Rest.      Potential    Kinetic En.   Total Energy  Conserved En.
    2.20269e+02   -2.08521e+05    4.09154e+04   -1.67605e+05   -2.17875e+05
    Temperature Pressure (bar)   Constr. rmsd
    3.09145e+02   -5.07522e+02    2.28012e-06

           Step           Time         Lambda
          25500       51.00000        0.00000

   Energies (kJ/mol)
           Bond            U-B    Proper Dih.  Improper Dih.      CMAP Dih.
    7.03062e+02    1.73039e+03    1.92118e+03    1.19441e+02   -2.98236e+01
          LJ-14     Coulomb-14        LJ (SR)   Coulomb (SR)   Coul. recip.
    7.23788e+02    1.13388e+04    1.95592e+04   -2.46266e+05    8.05758e+02
 Position Rest.      Potential    Kinetic En.   Total Energy  Conserved En.
    2.15196e+02   -2.09179e+05    4.10948e+04   -1.68084e+05   -2.17904e+05
    Temperature Pressure (bar)   Constr. rmsd
    3.10500e+02   -6.31851e+02    2.67744e-06

           Step           Time         Lambda
          26000       52.00000        0.00000

   Energies (kJ/mol)
           Bond            U-B    Proper Dih.  Improper Dih.      CMAP Dih.
    6.36697e+02    1.69049e+03    1.87910e+03    1.14670e+02   -3.53040e+01
          LJ-14     Coulomb-14        LJ (SR)   Coulomb (SR)   Coul. recip.
    6.94211e+02    1.14359e+04    1.99411e+04   -2.46887e+05    7.46195e+02
 Position Rest.      Potential    Kinetic En.   Total Energy  Conserved En.
    2.25111e+02   -2.09559e+05    4.11255e+04   -1.68434e+05   -2.17903e+05
    Temperature Pressure (bar)   Constr. rmsd
    3.10732e+02   -1.10813e+03    2.76955e-06

           Step           Time         Lambda
          26500       53.00000        0.00000

   Energies (kJ/mol)
           Bond            U-B    Proper Dih.  Improper Dih.      CMAP Dih.
    5.97151e+02    1.71279e+03    1.94002e+03    1.35191e+02   -2.08119e+01
          LJ-14     Coulomb-14        LJ (SR)   Coulomb (SR)   Coul. recip.
    7.82999e+02    1.13218e+04    1.99357e+04   -2.45985e+05    8.00862e+02
 Position Rest.      Potential    Kinetic En.   Total Energy  Conserved En.
    2.06651e+02   -2.08573e+05    4.07445e+04   -1.67828e+05   -2.17889e+05
    Temperature Pressure (bar)   Constr. rmsd
    3.07854e+02   -2.66951e+02    2.38410e-06

           Step           Time         Lambda
          27000       54.00000        0.00000

   Energies (kJ/mol)
           Bond            U-B    Proper Dih.  Improper Dih.      CMAP Dih.
    6.52835e+02    1.70202e+03    1.92430e+03    9.42264e+01   -2.51978e+01
          LJ-14     Coulomb-14        LJ (SR)   Coulomb (SR)   Coul. recip.
    7.42328e+02    1.13880e+04    2.02652e+04   -2.47246e+05    8.29171e+02
 Position Rest.      Potential    Kinetic En.   Total Energy  Conserved En.
    2.03929e+02   -2.09469e+05    4.12497e+04   -1.68219e+05   -2.17892e+05
    Temperature Pressure (bar)   Constr. rmsd
    3.11670e+02   -5.46747e+02    2.28498e-06

           Step           Time         Lambda
          27500       55.00000        0.00000

   Energies (kJ/mol)
           Bond            U-B    Proper Dih.  Improper Dih.      CMAP Dih.
    7.21269e+02    1.68158e+03    1.91675e+03    1.12355e+02   -3.21376e+01
          LJ-14     Coulomb-14        LJ (SR)   Coulomb (SR)   Coul. recip.
    7.25593e+02    1.12448e+04    2.00634e+04   -2.46353e+05    7.46864e+02
 Position Rest.      Potential    Kinetic En.   Total Energy  Conserved En.
    2.11073e+02   -2.08962e+05    4.01450e+04   -1.68817e+05   -2.17893e+05
    Temperature Pressure (bar)   Constr. rmsd
    3.03324e+02   -7.21921e+02    2.27437e-06

           Step           Time         Lambda
          28000       56.00000        0.00000

   Energies (kJ/mol)
           Bond            U-B    Proper Dih.  Improper Dih.      CMAP Dih.
    6.86396e+02    1.85975e+03    1.89333e+03    1.16182e+02   -5.01376e+00
          LJ-14     Coulomb-14        LJ (SR)   Coulomb (SR)   Coul. recip.
    7.26858e+02    1.13075e+04    2.06522e+04   -2.46499e+05    8.02995e+02
 Position Rest.      Potential    Kinetic En.   Total Energy  Conserved En.
    2.08161e+02   -2.08251e+05    4.10778e+04   -1.67173e+05   -2.17876e+05
    Temperature Pressure (bar)   Constr. rmsd
    3.10372e+02   -2.77490e+02    2.66321e-06

           Step           Time         Lambda
          28500       57.00000        0.00000

   Energies (kJ/mol)
           Bond            U-B    Proper Dih.  Improper Dih.      CMAP Dih.
    7.37813e+02    1.80716e+03    1.91543e+03    1.14156e+02   -3.83068e+01
          LJ-14     Coulomb-14        LJ (SR)   Coulomb (SR)   Coul. recip.
    7.07955e+02    1.11831e+04    1.97466e+04   -2.45266e+05    7.50538e+02
 Position Rest.      Potential    Kinetic En.   Total Energy  Conserved En.
    2.49839e+02   -2.08092e+05    4.09621e+04   -1.67130e+05   -2.17890e+05
    Temperature Pressure (bar)   Constr. rmsd
    3.09498e+02   -8.80549e+02    2.55653e-06

           Step           Time         Lambda
          29000       58.00000        0.00000

   Energies (kJ/mol)
           Bond            U-B    Proper Dih.  Improper Dih.      CMAP Dih.
    6.77580e+02    1.70830e+03    1.88040e+03    1.23557e+02   -3.46668e+01
          LJ-14     Coulomb-14        LJ (SR)   Coulomb (SR)   Coul. recip.
    7.47517e+02    1.13434e+04    2.03307e+04   -2.46706e+05    7.38144e+02
 Position Rest.      Potential    Kinetic En.   Total Energy  Conserved En.
    2.09142e+02   -2.08982e+05    4.10346e+04   -1.67947e+05   -2.17887e+05
    Temperature Pressure (bar)   Constr. rmsd
    3.10045e+02   -3.22731e+02    2.49796e-06

           Step           Time         Lambda
          29500       59.00000        0.00000

   Energies (kJ/mol)
           Bond            U-B    Proper Dih.  Improper Dih.      CMAP Dih.
    7.24575e+02    1.82902e+03    1.94770e+03    1.33099e+02   -7.57133e+00
          LJ-14     Coulomb-14        LJ (SR)   Coulomb (SR)   Coul. recip.
    7.09348e+02    1.12110e+04    2.02692e+04   -2.46361e+05    7.77498e+02
 Position Rest.      Potential    Kinetic En.   Total Energy  Conserved En.
    1.99788e+02   -2.08567e+05    4.10861e+04   -1.67481e+05   -2.17889e+05
    Temperature Pressure (bar)   Constr. rmsd
    3.10434e+02   -7.98270e+02    2.67329e-06

           Step           Time         Lambda
          30000       60.00000        0.00000

   Energies (kJ/mol)
           Bond            U-B    Proper Dih.  Improper Dih.      CMAP Dih.
    7.16082e+02    1.71576e+03    1.95314e+03    1.28543e+02   -3.48076e+01
          LJ-14     Coulomb-14        LJ (SR)   Coulomb (SR)   Coul. recip.
    7.33307e+02    1.13122e+04    1.99779e+04   -2.46029e+05    8.12924e+02
 Position Rest.      Potential    Kinetic En.   Total Energy  Conserved En.
    2.43648e+02   -2.08471e+05    4.04666e+04   -1.68004e+05   -2.17881e+05
    Temperature Pressure (bar)   Constr. rmsd
    3.05754e+02   -7.29544e+02    2.36823e-06

           Step           Time         Lambda
          30500       61.00000        0.00000

   Energies (kJ/mol)
           Bond            U-B    Proper Dih.  Improper Dih.      CMAP Dih.
    7.59685e+02    1.83459e+03    1.94663e+03    1.10211e+02   -3.70795e+01
          LJ-14     Coulomb-14        LJ (SR)   Coulomb (SR)   Coul. recip.
    7.25043e+02    1.13477e+04    1.96362e+04   -2.44736e+05    8.21995e+02
 Position Rest.      Potential    Kinetic En.   Total Energy  Conserved En.
    1.97875e+02   -2.07393e+05    4.18460e+04   -1.65547e+05   -2.17882e+05
    Temperature Pressure (bar)   Constr. rmsd
    3.16176e+02   -4.55305e+02    2.62946e-06

           Step           Time         Lambda
          31000       62.00000        0.00000

   Energies (kJ/mol)
           Bond            U-B    Proper Dih.  Improper Dih.      CMAP Dih.
    7.26594e+02    1.79339e+03    1.93040e+03    1.16784e+02   -5.65312e+01
          LJ-14     Coulomb-14        LJ (SR)   Coulomb (SR)   Coul. recip.
    7.35919e+02    1.13253e+04    1.99885e+04   -2.45750e+05    8.22262e+02
 Position Rest.      Potential    Kinetic En.   Total Energy  Conserved En.
    1.80947e+02   -2.08186e+05    4.06560e+04   -1.67530e+05   -2.17870e+05
    Temperature Pressure (bar)   Constr. rmsd
    3.07184e+02   -6.75483e+02    2.46303e-06

           Step           Time         Lambda
          31500       63.00000        0.00000

   Energies (kJ/mol)
           Bond            U-B    Proper Dih.  Improper Dih.      CMAP Dih.
    6.69668e+02    1.87476e+03    1.98393e+03    1.19020e+02   -4.86472e+01
          LJ-14     Coulomb-14        LJ (SR)   Coulomb (SR)   Coul. recip.
    7.18929e+02    1.12243e+04    1.92741e+04   -2.44837e+05    7.83907e+02
 Position Rest.      Potential    Kinetic En.   Total Energy  Conserved En.
    2.14453e+02   -2.08022e+05    4.16717e+04   -1.66351e+05   -2.17887e+05
    Temperature Pressure (bar)   Constr. rmsd
    3.14859e+02   -5.85479e+02    3.43803e-06

           Step           Time         Lambda
          32000       64.00000        0.00000

   Energies (kJ/mol)
           Bond            U-B    Proper Dih.  Improper Dih.      CMAP Dih.
    7.04284e+02    1.71253e+03    1.90706e+03    9.60965e+01   -5.69080e+01
          LJ-14     Coulomb-14        LJ (SR)   Coulomb (SR)   Coul. recip.
    7.35277e+02    1.12937e+04    1.89746e+04   -2.45234e+05    8.23874e+02
 Position Rest.      Potential    Kinetic En.   Total Energy  Conserved En.
    2.11233e+02   -2.08832e+05    4.06827e+04   -1.68149e+05   -2.17887e+05
    Temperature Pressure (bar)   Constr. rmsd
    3.07386e+02   -9.62135e+02    2.58483e-06

           Step           Time         Lambda
          32500       65.00000        0.00000

   Energies (kJ/mol)
           Bond            U-B    Proper Dih.  Improper Dih.      CMAP Dih.
    6.22153e+02    1.76931e+03    1.92632e+03    1.17437e+02   -3.46179e+01
          LJ-14     Coulomb-14        LJ (SR)   Coulomb (SR)   Coul. recip.
    7.66117e+02    1.13651e+04    1.98007e+04   -2.45940e+05    8.44603e+02
 Position Rest.      Potential    Kinetic En.   Total Energy  Conserved En.
    2.26808e+02   -2.08536e+05    4.12310e+04   -1.67305e+05   -2.17883e+05
    Temperature Pressure (bar)   Constr. rmsd
    3.11529e+02   -5.40877e+02    2.77602e-06

           Step           Time         Lambda
          33000       66.00000        0.00000

   Energies (kJ/mol)
           Bond            U-B    Proper Dih.  Improper Dih.      CMAP Dih.
    6.79596e+02    1.71624e+03    1.93906e+03    9.90554e+01   -6.09064e+01
          LJ-14     Coulomb-14        LJ (SR)   Coulomb (SR)   Coul. recip.
    6.81724e+02    1.12684e+04    2.01447e+04   -2.47274e+05    7.60995e+02
 Position Rest.      Potential    Kinetic En.   Total Energy  Conserved En.
    1.92661e+02   -2.09853e+05    4.07786e+04   -1.69074e+05   -2.17884e+05
    Temperature Pressure (bar)   Constr. rmsd
    3.08111e+02   -4.91235e+02    2.70961e-06

           Step           Time         Lambda
          33500       67.00000        0.00000

   Energies (kJ/mol)
           Bond            U-B    Proper Dih.  Improper Dih.      CMAP Dih.
    6.43291e+02    1.79844e+03    1.91950e+03    9.95341e+01   -5.59512e+01
          LJ-14     Coulomb-14        LJ (SR)   Coulomb (SR)   Coul. recip.
    7.27164e+02    1.13742e+04    2.06244e+04   -2.47322e+05    7.65097e+02
 Position Rest.      Potential    Kinetic En.   Total Energy  Conserved En.
    1.89251e+02   -2.09237e+05    4.05128e+04   -1.68724e+05   -2.17875e+05
    Temperature Pressure (bar)   Constr. rmsd
    3.06103e+02   -3.84638e+02    2.48186e-06

           Step           Time         Lambda
          34000       68.00000        0.00000

   Energies (kJ/mol)
           Bond            U-B    Proper Dih.  Improper Dih.      CMAP Dih.
    7.33005e+02    1.78167e+03    1.91305e+03    1.20241e+02   -5.39815e+01
          LJ-14     Coulomb-14        LJ (SR)   Coulomb (SR)   Coul. recip.
    7.26385e+02    1.13547e+04    1.97335e+04   -2.45885e+05    7.63408e+02
 Position Rest.      Potential    Kinetic En.   Total Energy  Conserved En.
    2.15518e+02   -2.08597e+05    4.09022e+04   -1.67695e+05   -2.17862e+05
    Temperature Pressure (bar)   Constr. rmsd
    3.09045e+02   -6.76606e+02    2.74020e-06

           Step           Time         Lambda
          34500       69.00000        0.00000

   Energies (kJ/mol)
           Bond            U-B    Proper Dih.  Improper Dih.      CMAP Dih.
    6.55181e+02    1.80874e+03    1.97510e+03    1.10700e+02   -2.81646e+01
          LJ-14     Coulomb-14        LJ (SR)   Coulomb (SR)   Coul. recip.
    7.69193e+02    1.13301e+04    2.03863e+04   -2.46563e+05    8.51216e+02
 Position Rest.      Potential    Kinetic En.   Total Energy  Conserved En.
    2.31821e+02   -2.08473e+05    4.12828e+04   -1.67190e+05   -2.17876e+05
    Temperature Pressure (bar)   Constr. rmsd
    3.11921e+02   -3.08050e+02    2.40955e-06

           Step           Time         Lambda
          35000       70.00000        0.00000

   Energies (kJ/mol)
           Bond            U-B    Proper Dih.  Improper Dih.      CMAP Dih.
    7.29309e+02    1.79546e+03    1.91438e+03    1.23052e+02   -4.80569e+01
          LJ-14     Coulomb-14        LJ (SR)   Coulomb (SR)   Coul. recip.
    7.37793e+02    1.12789e+04    2.01185e+04   -2.45865e+05    7.99680e+02
 Position Rest.      Potential    Kinetic En.   Total Energy  Conserved En.
    2.33584e+02   -2.08182e+05    4.11901e+04   -1.66992e+05   -2.17874e+05
    Temperature Pressure (bar)   Constr. rmsd
    3.11220e+02   -1.81211e+02    2.48158e-06

           Step           Time         Lambda
          35500       71.00000        0.00000

   Energies (kJ/mol)
           Bond            U-B    Proper Dih.  Improper Dih.      CMAP Dih.
    6.56604e+02    1.73456e+03    1.93885e+03    1.21204e+02   -7.91542e+00
          LJ-14     Coulomb-14        LJ (SR)   Coulomb (SR)   Coul. recip.
    7.13699e+02    1.13219e+04    2.01583e+04   -2.46920e+05    7.85179e+02
 Position Rest.      Potential    Kinetic En.   Total Energy  Conserved En.
    2.19922e+02   -2.09278e+05    4.04050e+04   -1.68873e+05   -2.17874e+05
    Temperature Pressure (bar)   Constr. rmsd
    3.05288e+02   -6.48860e+02    2.39600e-06

           Step           Time         Lambda
          36000       72.00000        0.00000

   Energies (kJ/mol)
           Bond            U-B    Proper Dih.  Improper Dih.      CMAP Dih.
    7.13087e+02    1.66223e+03    1.95913e+03    1.17394e+02   -2.69164e+01
          LJ-14     Coulomb-14        LJ (SR)   Coulomb (SR)   Coul. recip.
    6.82749e+02    1.13575e+04    1.98858e+04   -2.46608e+05    7.77779e+02
 Position Rest.      Potential    Kinetic En.   Total Energy  Conserved En.
    2.16671e+02   -2.09262e+05    4.05024e+04   -1.68760e+05   -2.17868e+05
    Temperature Pressure (bar)   Constr. rmsd
    3.06024e+02   -9.81124e+02    2.73081e-06

           Step           Time         Lambda
          36500       73.00000        0.00000

   Energies (kJ/mol)
           Bond            U-B    Proper Dih.  Improper Dih.      CMAP Dih.
    6.88492e+02    1.68411e+03    1.89721e+03    1.22570e+02   -3.30938e+01
          LJ-14     Coulomb-14        LJ (SR)   Coulomb (SR)   Coul. recip.
    7.58435e+02    1.13789e+04    2.02793e+04   -2.46857e+05    8.49975e+02
 Position Rest.      Potential    Kinetic En.   Total Energy  Conserved En.
    2.14793e+02   -2.09016e+05    4.05603e+04   -1.68456e+05   -2.17865e+05
    Temperature Pressure (bar)   Constr. rmsd
    3.06462e+02   -5.01349e+02    2.49724e-06

           Step           Time         Lambda
          37000       74.00000        0.00000

   Energies (kJ/mol)
           Bond            U-B    Proper Dih.  Improper Dih.      CMAP Dih.
    7.16277e+02    1.83776e+03    1.93483e+03    1.25356e+02   -1.53685e+01
          LJ-14     Coulomb-14        LJ (SR)   Coulomb (SR)   Coul. recip.
    7.25985e+02    1.13600e+04    1.97693e+04   -2.45328e+05    8.01452e+02
 Position Rest.      Potential    Kinetic En.   Total Energy  Conserved En.
    2.28559e+02   -2.07844e+05    4.21585e+04   -1.65685e+05   -2.17883e+05
    Temperature Pressure (bar)   Constr. rmsd
    3.18537e+02   -4.41870e+02    3.22678e-06

           Step           Time         Lambda
          37500       75.00000        0.00000

   Energies (kJ/mol)
           Bond            U-B    Proper Dih.  Improper Dih.      CMAP Dih.
    6.45961e+02    1.80520e+03    1.90061e+03    1.06102e+02   -2.23246e+01
          LJ-14     Coulomb-14        LJ (SR)   Coulomb (SR)   Coul. recip.
    7.18398e+02    1.13393e+04    2.06727e+04   -2.47213e+05    8.23908e+02
 Position Rest.      Potential    Kinetic En.   Total Energy  Conserved En.
    2.09248e+02   -2.09014e+05    4.07386e+04   -1.68276e+05   -2.17860e+05
    Temperature Pressure (bar)   Constr. rmsd
    3.07809e+02   -4.41510e+02    2.33111e-06

           Step           Time         Lambda
          38000       76.00000        0.00000

   Energies (kJ/mol)
           Bond            U-B    Proper Dih.  Improper Dih.      CMAP Dih.
    7.22219e+02    1.80048e+03    1.96630e+03    7.91951e+01   -6.46410e+01
          LJ-14     Coulomb-14        LJ (SR)   Coulomb (SR)   Coul. recip.
    7.13221e+02    1.12865e+04    2.03801e+04   -2.45879e+05    7.91420e+02
 Position Rest.      Potential    Kinetic En.   Total Energy  Conserved En.
    2.08730e+02   -2.07996e+05    4.12234e+04   -1.66772e+05   -2.17868e+05
    Temperature Pressure (bar)   Constr. rmsd
    3.11472e+02   -3.79742e+02    2.05434e-06

           Step           Time         Lambda
          38500       77.00000        0.00000

   Energies (kJ/mol)
           Bond            U-B    Proper Dih.  Improper Dih.      CMAP Dih.
    6.89213e+02    1.70864e+03    1.89990e+03    1.13572e+02   -6.54233e+01
          LJ-14     Coulomb-14        LJ (SR)   Coulomb (SR)   Coul. recip.
    7.48645e+02    1.13702e+04    1.98113e+04   -2.46311e+05    8.23232e+02
 Position Rest.      Potential    Kinetic En.   Total Energy  Conserved En.
    2.50619e+02   -2.08961e+05    4.06658e+04   -1.68295e+05   -2.17857e+05
    Temperature Pressure (bar)   Constr. rmsd
    3.07259e+02   -6.09026e+02    2.23226e-06

           Step           Time         Lambda
          39000       78.00000        0.00000

   Energies (kJ/mol)
           Bond            U-B    Proper Dih.  Improper Dih.      CMAP Dih.
    7.15063e+02    1.82792e+03    1.92664e+03    1.03474e+02   -3.78131e+01
          LJ-14     Coulomb-14        LJ (SR)   Coulomb (SR)   Coul. recip.
    7.47801e+02    1.11959e+04    1.98005e+04   -2.45592e+05    7.95645e+02
 Position Rest.      Potential    Kinetic En.   Total Energy  Conserved En.
    1.88635e+02   -2.08328e+05    4.14076e+04   -1.66920e+05   -2.17861e+05
    Temperature Pressure (bar)   Constr. rmsd
    3.12863e+02   -8.98864e+02    2.50172e-06

           Step           Time         Lambda
          39500       79.00000        0.00000

   Energies (kJ/mol)
           Bond            U-B    Proper Dih.  Improper Dih.      CMAP Dih.
    7.07013e+02    1.95833e+03    1.89483e+03    1.18049e+02   -4.03842e+01
          LJ-14     Coulomb-14        LJ (SR)   Coulomb (SR)   Coul. recip.
    7.71172e+02    1.12609e+04    1.98366e+04   -2.46157e+05    8.00646e+02
 Position Rest.      Potential    Kinetic En.   Total Energy  Conserved En.
    2.24414e+02   -2.08625e+05    4.15448e+04   -1.67080e+05   -2.17845e+05
    Temperature Pressure (bar)   Constr. rmsd
    3.13900e+02   -4.59526e+02    2.13297e-06

           Step           Time         Lambda
          40000       80.00000        0.00000

   Energies (kJ/mol)
           Bond            U-B    Proper Dih.  Improper Dih.      CMAP Dih.
    6.81214e+02    1.76596e+03    1.91656e+03    1.07126e+02   -2.61270e+01
          LJ-14     Coulomb-14        LJ (SR)   Coulomb (SR)   Coul. recip.
    7.53983e+02    1.12941e+04    1.99310e+04   -2.45072e+05    8.21232e+02
 Position Rest.      Potential    Kinetic En.   Total Energy  Conserved En.
    2.31642e+02   -2.07596e+05    4.09897e+04   -1.66606e+05   -2.17852e+05
    Temperature Pressure (bar)   Constr. rmsd
    3.09706e+02   -5.15045e+02    3.19864e-06

           Step           Time         Lambda
          40500       81.00000        0.00000

   Energies (kJ/mol)
           Bond            U-B    Proper Dih.  Improper Dih.      CMAP Dih.
    6.50528e+02    1.76367e+03    1.92700e+03    8.89374e+01   -5.66162e+01
          LJ-14     Coulomb-14        LJ (SR)   Coulomb (SR)   Coul. recip.
    7.18688e+02    1.12351e+04    1.96171e+04   -2.46452e+05    7.99365e+02
 Position Rest.      Potential    Kinetic En.   Total Energy  Conserved En.
    2.18384e+02   -2.09490e+05    4.05950e+04   -1.68895e+05   -2.17858e+05
    Temperature Pressure (bar)   Constr. rmsd
    3.06724e+02   -1.10814e+03    2.51341e-06

           Step           Time         Lambda
          41000       82.00000        0.00000

   Energies (kJ/mol)
           Bond            U-B    Proper Dih.  Improper Dih.      CMAP Dih.
    6.77885e+02    1.81721e+03    1.94428e+03    1.11949e+02   -4.97919e+01
          LJ-14     Coulomb-14        LJ (SR)   Coulomb (SR)   Coul. recip.
    7.77280e+02    1.13189e+04    2.05831e+04   -2.46521e+05    7.64413e+02
 Position Rest.      Potential    Kinetic En.   Total Energy  Conserved En.
    1.68174e+02   -2.08407e+05    4.05690e+04   -1.67838e+05   -2.17837e+05
    Temperature Pressure (bar)   Constr. rmsd
    3.06527e+02   -4.08753e+02    2.81002e-06

           Step           Time         Lambda
          41500       83.00000        0.00000

   Energies (kJ/mol)
           Bond            U-B    Proper Dih.  Improper Dih.      CMAP Dih.
    6.29650e+02    1.72561e+03    1.91582e+03    1.14529e+02   -2.17969e+01
          LJ-14     Coulomb-14        LJ (SR)   Coulomb (SR)   Coul. recip.
    7.26539e+02    1.13005e+04    1.99077e+04   -2.46097e+05    8.03768e+02
 Position Rest.      Potential    Kinetic En.   Total Energy  Conserved En.
    1.90908e+02   -2.08804e+05    4.07361e+04   -1.68068e+05   -2.17850e+05
    Temperature Pressure (bar)   Constr. rmsd
    3.07790e+02   -6.82290e+02    3.16684e-06

           Step           Time         Lambda
          42000       84.00000        0.00000

   Energies (kJ/mol)
           Bond            U-B    Proper Dih.  Improper Dih.      CMAP Dih.
    6.19343e+02    1.76666e+03    1.91274e+03    8.92499e+01   -4.22487e+01
          LJ-14     Coulomb-14        LJ (SR)   Coulomb (SR)   Coul. recip.
    7.56034e+02    1.13705e+04    2.01993e+04   -2.46263e+05    8.04303e+02
 Position Rest.      Potential    Kinetic En.   Total Energy  Conserved En.
    2.43242e+02   -2.08544e+05    4.14039e+04   -1.67140e+05   -2.17851e+05
    Temperature Pressure (bar)   Constr. rmsd
    3.12835e+02   -5.52343e+02    3.01381e-06

           Step           Time         Lambda
          42500       85.00000        0.00000

   Energies (kJ/mol)
           Bond            U-B    Proper Dih.  Improper Dih.      CMAP Dih.
    7.48278e+02    1.90715e+03    1.92297e+03    1.00264e+02   -4.32802e+01
          LJ-14     Coulomb-14        LJ (SR)   Coulomb (SR)   Coul. recip.
    7.38849e+02    1.11997e+04    2.01943e+04   -2.45868e+05    7.90817e+02
 Position Rest.      Potential    Kinetic En.   Total Energy  Conserved En.
    2.11210e+02   -2.08097e+05    4.10660e+04   -1.67031e+05   -2.17845e+05
    Temperature Pressure (bar)   Constr. rmsd
    3.10283e+02   -7.99542e+02    3.29821e-06

           Step           Time         Lambda
          43000       86.00000        0.00000

   Energies (kJ/mol)
           Bond            U-B    Proper Dih.  Improper Dih.      CMAP Dih.
    6.92685e+02    1.85141e+03    1.90623e+03    1.39584e+02   -3.58993e+01
          LJ-14     Coulomb-14        LJ (SR)   Coulomb (SR)   Coul. recip.
    6.97302e+02    1.11392e+04    1.97424e+04   -2.45620e+05    7.92680e+02
 Position Rest.      Potential    Kinetic En.   Total Energy  Conserved En.
    1.91933e+02   -2.08502e+05    4.09503e+04   -1.67552e+05   -2.17848e+05
    Temperature Pressure (bar)   Constr. rmsd
    3.09408e+02   -1.06634e+03    2.02220e-06

           Step           Time         Lambda
          43500       87.00000        0.00000

   Energies (kJ/mol)
           Bond            U-B    Proper Dih.  Improper Dih.      CMAP Dih.
    6.77697e+02    1.80815e+03    1.87159e+03    1.07957e+02   -3.22469e+01
          LJ-14     Coulomb-14        LJ (SR)   Coulomb (SR)   Coul. recip.
    7.21465e+02    1.13280e+04    2.03225e+04   -2.46780e+05    8.32262e+02
 Position Rest.      Potential    Kinetic En.   Total Energy  Conserved En.
    1.90288e+02   -2.08952e+05    4.10744e+04   -1.67877e+05   -2.17841e+05
    Temperature Pressure (bar)   Constr. rmsd
    3.10346e+02   -4.57652e+02    2.85002e-06

           Step           Time         Lambda
          44000       88.00000        0.00000

   Energies (kJ/mol)
           Bond            U-B    Proper Dih.  Improper Dih.      CMAP Dih.
    6.84306e+02    1.77536e+03    1.86976e+03    9.98336e+01   -1.24659e+01
          LJ-14     Coulomb-14        LJ (SR)   Coulomb (SR)   Coul. recip.
    7.51633e+02    1.12779e+04    1.99427e+04   -2.46498e+05    8.07854e+02
 Position Rest.      Potential    Kinetic En.   Total Energy  Conserved En.
    1.87855e+02   -2.09113e+05    4.06445e+04   -1.68469e+05   -2.17850e+05
    Temperature Pressure (bar)   Constr. rmsd
    3.07098e+02   -9.50713e+02    2.63281e-06

           Step           Time         Lambda
          44500       89.00000        0.00000

   Energies (kJ/mol)
           Bond            U-B    Proper Dih.  Improper Dih.      CMAP Dih.
    7.28335e+02    1.73225e+03    1.90785e+03    1.23242e+02   -3.91748e+01
          LJ-14     Coulomb-14        LJ (SR)   Coulomb (SR)   Coul. recip.
    7.64982e+02    1.12780e+04    2.07387e+04   -2.46599e+05    7.87274e+02
 Position Rest.      Potential    Kinetic En.   Total Energy  Conserved En.
    1.81132e+02   -2.08397e+05    4.11873e+04   -1.67210e+05   -2.17849e+05
    Temperature Pressure (bar)   Constr. rmsd
    3.11199e+02    6.04654e+01    2.84363e-06

           Step           Time         Lambda
          45000       90.00000        0.00000

   Energies (kJ/mol)
           Bond            U-B    Proper Dih.  Improper Dih.      CMAP Dih.
    7.62276e+02    1.77653e+03    1.92078e+03    1.01193e+02   -5.30118e+01
          LJ-14     Coulomb-14        LJ (SR)   Coulomb (SR)   Coul. recip.
    7.35676e+02    1.13085e+04    2.04164e+04   -2.46657e+05    8.44949e+02
 Position Rest.      Potential    Kinetic En.   Total Energy  Conserved En.
    2.04284e+02   -2.08640e+05    4.09682e+04   -1.67672e+05   -2.17836e+05
    Temperature Pressure (bar)   Constr. rmsd
    3.09544e+02   -7.39347e+02    2.67621e-06

           Step           Time         Lambda
          45500       91.00000        0.00000

   Energies (kJ/mol)
           Bond            U-B    Proper Dih.  Improper Dih.      CMAP Dih.
    7.27586e+02    1.78269e+03    1.94995e+03    1.05587e+02   -3.76168e+01
          LJ-14     Coulomb-14        LJ (SR)   Coulomb (SR)   Coul. recip.
    7.36036e+02    1.13862e+04    1.93253e+04   -2.45526e+05    7.96788e+02
 Position Rest.      Potential    Kinetic En.   Total Energy  Conserved En.
    2.06469e+02   -2.08547e+05    4.13934e+04   -1.67154e+05   -2.17838e+05
    Temperature Pressure (bar)   Constr. rmsd
    3.12756e+02   -5.84672e+02    2.48169e-06

           Step           Time         Lambda
          46000       92.00000        0.00000

   Energies (kJ/mol)
           Bond            U-B    Proper Dih.  Improper Dih.      CMAP Dih.
    7.00388e+02    1.82840e+03    1.87400e+03    1.06524e+02   -2.06458e+01
          LJ-14     Coulomb-14        LJ (SR)   Coulomb (SR)   Coul. recip.
    7.35611e+02    1.13289e+04    2.05615e+04   -2.46988e+05    8.07061e+02
 Position Rest.      Potential    Kinetic En.   Total Energy  Conserved En.
    1.86557e+02   -2.08880e+05    4.12170e+04   -1.67663e+05   -2.17823e+05
    Temperature Pressure (bar)   Constr. rmsd
    3.11424e+02   -6.60426e+02    2.78133e-06

           Step           Time         Lambda
          46500       93.00000        0.00000

   Energies (kJ/mol)
           Bond            U-B    Proper Dih.  Improper Dih.      CMAP Dih.
    7.18746e+02    1.93648e+03    1.89460e+03    1.24728e+02   -3.50686e+01
          LJ-14     Coulomb-14        LJ (SR)   Coulomb (SR)   Coul. recip.
    6.97686e+02    1.12721e+04    1.96799e+04   -2.45976e+05    7.88254e+02
 Position Rest.      Potential    Kinetic En.   Total Energy  Conserved En.
    2.25028e+02   -2.08673e+05    4.08602e+04   -1.67813e+05   -2.17825e+05
    Temperature Pressure (bar)   Constr. rmsd
    3.08728e+02   -1.00574e+03    2.31253e-06

           Step           Time         Lambda
          47000       94.00000        0.00000

   Energies (kJ/mol)
           Bond            U-B    Proper Dih.  Improper Dih.      CMAP Dih.
    7.42171e+02    1.73009e+03    1.89749e+03    9.59987e+01   -4.52833e+01
          LJ-14     Coulomb-14        LJ (SR)   Coulomb (SR)   Coul. recip.
    6.88617e+02    1.12826e+04    1.97000e+04   -2.46149e+05    8.10788e+02
 Position Rest.      Potential    Kinetic En.   Total Energy  Conserved En.
    2.07844e+02   -2.09039e+05    4.09388e+04   -1.68100e+05   -2.17843e+05
    Temperature Pressure (bar)   Constr. rmsd
    3.09321e+02   -1.05382e+03    2.51677e-06

           Step           Time         Lambda
          47500       95.00000        0.00000

   Energies (kJ/mol)
           Bond            U-B    Proper Dih.  Improper Dih.      CMAP Dih.
    7.58729e+02    1.77295e+03    1.92246e+03    1.30770e+02   -8.71164e+00
          LJ-14     Coulomb-14        LJ (SR)   Coulomb (SR)   Coul. recip.
    7.27219e+02    1.13357e+04    2.02897e+04   -2.45547e+05    7.94168e+02
 Position Rest.      Potential    Kinetic En.   Total Energy  Conserved En.
    2.26112e+02   -2.07598e+05    4.12099e+04   -1.66388e+05   -2.17835e+05
    Temperature Pressure (bar)   Constr. rmsd
    3.11369e+02   -2.89698e+02    2.88334e-06

           Step           Time         Lambda
          48000       96.00000        0.00000

   Energies (kJ/mol)
           Bond            U-B    Proper Dih.  Improper Dih.      CMAP Dih.
    7.21816e+02    1.76298e+03    1.89600e+03    9.85739e+01   -4.18764e+01
          LJ-14     Coulomb-14        LJ (SR)   Coulomb (SR)   Coul. recip.
    7.52146e+02    1.13519e+04    2.02123e+04   -2.46503e+05    7.76908e+02
 Position Rest.      Potential    Kinetic En.   Total Energy  Conserved En.
    2.09289e+02   -2.08763e+05    4.10536e+04   -1.67709e+05   -2.17828e+05
    Temperature Pressure (bar)   Constr. rmsd
    3.10189e+02   -3.22929e+02    2.31313e-06

           Step           Time         Lambda
          48500       97.00000        0.00000

   Energies (kJ/mol)
           Bond            U-B    Proper Dih.  Improper Dih.      CMAP Dih.
    7.00386e+02    1.75144e+03    2.01775e+03    1.02489e+02   -5.11651e+01
          LJ-14     Coulomb-14        LJ (SR)   Coulomb (SR)   Coul. recip.
    7.17170e+02    1.13469e+04    1.97583e+04   -2.46055e+05    7.89431e+02
 Position Rest.      Potential    Kinetic En.   Total Energy  Conserved En.
    2.06116e+02   -2.08716e+05    4.13138e+04   -1.67402e+05   -2.17830e+05
    Temperature Pressure (bar)   Constr. rmsd
    3.12154e+02   -1.03780e+03    2.48463e-06

           Step           Time         Lambda
          49000       98.00000        0.00000

   Energies (kJ/mol)
           Bond            U-B    Proper Dih.  Improper Dih.      CMAP Dih.
    7.89818e+02    1.86034e+03    1.92851e+03    1.38948e+02   -4.68021e+01
          LJ-14     Coulomb-14        LJ (SR)   Coulomb (SR)   Coul. recip.
    6.60655e+02    1.13180e+04    1.95294e+04   -2.45299e+05    8.44144e+02
 Position Rest.      Potential    Kinetic En.   Total Energy  Conserved En.
    2.30787e+02   -2.08045e+05    4.08695e+04   -1.67176e+05   -2.17825e+05
    Temperature Pressure (bar)   Constr. rmsd
    3.08798e+02   -9.42635e+02    2.80880e-06

           Step           Time         Lambda
          49500       99.00000        0.00000

   Energies (kJ/mol)
           Bond            U-B    Proper Dih.  Improper Dih.      CMAP Dih.
    6.70900e+02    1.72015e+03    1.96731e+03    1.43248e+02   -2.81863e+01
          LJ-14     Coulomb-14        LJ (SR)   Coulomb (SR)   Coul. recip.
    7.66778e+02    1.13065e+04    1.99473e+04   -2.46127e+05    7.77912e+02
 Position Rest.      Potential    Kinetic En.   Total Energy  Conserved En.
    2.06212e+02   -2.08649e+05    4.07106e+04   -1.67938e+05   -2.17811e+05
    Temperature Pressure (bar)   Constr. rmsd
    3.07597e+02   -4.22874e+02    2.95621e-06

           Step           Time         Lambda
          50000      100.00000        0.00000

Writing checkpoint, step 50000 at Wed Dec 16 16:04:54 2015


   Energies (kJ/mol)
           Bond            U-B    Proper Dih.  Improper Dih.      CMAP Dih.
    6.40981e+02    1.73242e+03    1.85639e+03    1.13374e+02   -5.40667e+01
          LJ-14     Coulomb-14        LJ (SR)   Coulomb (SR)   Coul. recip.
    7.75751e+02    1.13694e+04    1.98248e+04   -2.46251e+05    7.82843e+02
 Position Rest.      Potential    Kinetic En.   Total Energy  Conserved En.
    2.14872e+02   -2.08994e+05    4.01633e+04   -1.68831e+05   -2.17817e+05
    Temperature Pressure (bar)   Constr. rmsd
    3.03462e+02   -7.04414e+02    2.46575e-06

	<======  ###############  ==>
	<====  A V E R A G E S  ====>
	<==  ###############  ======>

	Statistics over 50001 steps using 501 frames

   Energies (kJ/mol)
           Bond            U-B    Proper Dih.  Improper Dih.      CMAP Dih.
    6.95256e+02    1.77637e+03    1.92507e+03    1.10302e+02   -3.91929e+01
          LJ-14     Coulomb-14        LJ (SR)   Coulomb (SR)   Coul. recip.
    7.33196e+02    1.12914e+04    2.00729e+04   -2.46335e+05    7.95333e+02
 Position Rest.      Potential    Kinetic En.   Total Energy  Conserved En.
    2.14525e+02   -2.08760e+05    4.09862e+04   -1.67774e+05   -2.17892e+05
    Temperature Pressure (bar)   Constr. rmsd
    3.09680e+02   -6.00914e+02    0.00000e+00

   Total Virial (kJ/mol)
    1.66164e+04    1.42641e+02    4.88307e+01
    1.42563e+02    1.65163e+04    1.60480e+02
    4.82593e+01    1.60199e+02    1.66405e+04

   Pressure (bar)
   -6.07132e+02   -3.00117e+01   -9.40282e+00
   -2.99956e+01   -5.81403e+02   -3.53808e+01
   -9.28559e+00   -3.53231e+01   -6.14207e+02

      T-Protein  T-non-Protein
    3.09535e+02    3.09689e+02


	M E G A - F L O P S   A C C O U N T I N G

 NB=Group-cutoff nonbonded kernels    NxN=N-by-N cluster Verlet kernels
 RF=Reaction-Field  VdW=Van der Waals  QSTab=quadratic-spline table
 W3=SPC/TIP3p  W4=TIP4p (single or pairs)
 V&F=Potential and force  V=Potential only  F=Force only

 Computing:                               M-Number         M-Flops  % Flops
-----------------------------------------------------------------------------
 NB VdW [V&F]                            71.401428          71.401     0.0
 Pair Search distance check           16258.853006      146329.677     0.3
 NxN Ewald Elec. + LJ [F]            477930.356816    37278567.832    87.5
 NxN Ewald Elec. + LJ [V&F]            4837.070024      623982.033     1.5
 NxN Ewald Elec. [F]                   8285.233344      505399.234     1.2
 NxN Ewald Elec. [V&F]                   83.592680        7021.785     0.0
 1,4 nonbonded interactions             103.002060        9270.185     0.0
 Calc Weights                          2356.247124       84824.896     0.2
 Spread Q Bspline                    169649.792928      339299.586     0.8
 Gather F Bspline                    169649.792928     1017898.758     2.4
 3D-FFT                              305965.419186     2447723.353     5.7
 Solve PME                              156.803136       10035.401     0.0
 Shift-X                                 39.285708         235.714     0.0
 Bonds                                   20.800416        1227.225     0.0
 Propers                                 99.401988       22763.055     0.1
 Impropers                                7.000140        1456.029     0.0
 Pos. Restr.                             20.250405        1012.520     0.0
 Virial                                   7.892253         142.061     0.0
 Stop-CM                                  7.885416          78.854     0.0
 Calc-Ekin                              157.111416        4242.008     0.0
 Lincs                                   19.051143        1143.069     0.0
 Lincs-Mat                               94.805688         379.223     0.0
 Constraint-V                           783.331332        6266.651     0.0
 Constraint-Vir                           7.657785         183.787     0.0
 Settle                                 248.414904       80238.014     0.2
 (null)                                   2.350047           0.000     0.0
-----------------------------------------------------------------------------
 Total                                                42589792.351   100.0
-----------------------------------------------------------------------------


     R E A L   C Y C L E   A N D   T I M E   A C C O U N T I N G

On 1 MPI rank, each using 16 OpenMP threads

 Computing:          Num   Num      Call    Wall time         Giga-Cycles
                     Ranks Threads  Count      (s)         total sum    %
-----------------------------------------------------------------------------
 Neighbor search        1   16       2501       6.475        269.276   2.6
 Force                  1   16      50001     123.505       5135.931  49.5
 PME mesh               1   16      50001      97.699       4062.784  39.2
 NB X/F buffer ops.     1   16      97501       4.394        182.708   1.8
 Write traj.            1   16        101       5.694        236.774   2.3
 Update                 1   16      50001       1.136         47.251   0.5
 Constraints            1   16      50001       6.450        268.234   2.6
 Rest                                           4.165        173.216   1.7
-----------------------------------------------------------------------------
 Total                                        249.518      10376.173 100.0
-----------------------------------------------------------------------------
 Breakdown of PME mesh computation
-----------------------------------------------------------------------------
 PME spread/gather      1   16     100002      50.615       2104.798  20.3
 PME 3D-FFT             1   16     100002      45.368       1886.609  18.2
 PME solve Elec         1   16      50001       1.421         59.081   0.6
-----------------------------------------------------------------------------

               Core t (s)   Wall t (s)        (%)
       Time:     3827.987      249.518     1534.2
                 (ns/day)    (hour/ns)
Performance:       34.627        0.693
Finished mdrun on rank 0 Wed Dec 16 16:04:55 2015
